0 info it worked if it ends with ok
1 verbose cli [ 'node', '/usr/local/bin/npm', 'i' ]
2 info using npm@1.4.28
3 info using node@v0.10.32
4 verbose readDependencies using package.json deps
5 verbose install where, deps [ '/Users/anwesha/cheeki/webang', [ 'http-server', 'bower' ] ]
6 info preinstall angular-website@0.0.0
7 verbose readDependencies using package.json deps
8 verbose cache add [ 'http-server@^0.6.1', null ]
9 verbose cache add name=undefined spec="http-server@^0.6.1" args=["http-server@^0.6.1",null]
10 verbose parsed url { protocol: null,
10 verbose parsed url   slashes: null,
10 verbose parsed url   auth: null,
10 verbose parsed url   host: null,
10 verbose parsed url   port: null,
10 verbose parsed url   hostname: null,
10 verbose parsed url   hash: null,
10 verbose parsed url   search: null,
10 verbose parsed url   query: null,
10 verbose parsed url   pathname: 'http-server@^0.6.1',
10 verbose parsed url   path: 'http-server@^0.6.1',
10 verbose parsed url   href: 'http-server@^0.6.1' }
11 verbose cache add [ 'bower@^1.3.1', null ]
12 verbose cache add name=undefined spec="bower@^1.3.1" args=["bower@^1.3.1",null]
13 verbose parsed url { protocol: null,
13 verbose parsed url   slashes: null,
13 verbose parsed url   auth: null,
13 verbose parsed url   host: null,
13 verbose parsed url   port: null,
13 verbose parsed url   hostname: null,
13 verbose parsed url   hash: null,
13 verbose parsed url   search: null,
13 verbose parsed url   query: null,
13 verbose parsed url   pathname: 'bower@^1.3.1',
13 verbose parsed url   path: 'bower@^1.3.1',
13 verbose parsed url   href: 'bower@^1.3.1' }
14 verbose cache add name="http-server" spec="^0.6.1" args=["http-server","^0.6.1"]
15 verbose parsed url { protocol: null,
15 verbose parsed url   slashes: null,
15 verbose parsed url   auth: null,
15 verbose parsed url   host: null,
15 verbose parsed url   port: null,
15 verbose parsed url   hostname: null,
15 verbose parsed url   hash: null,
15 verbose parsed url   search: null,
15 verbose parsed url   query: null,
15 verbose parsed url   pathname: '^0.6.1',
15 verbose parsed url   path: '^0.6.1',
15 verbose parsed url   href: '^0.6.1' }
16 verbose addNamed [ 'http-server', '^0.6.1' ]
17 verbose addNamed [ null, '>=0.6.1-0 <0.7.0-0' ]
18 verbose cache add name="bower" spec="^1.3.1" args=["bower","^1.3.1"]
19 verbose parsed url { protocol: null,
19 verbose parsed url   slashes: null,
19 verbose parsed url   auth: null,
19 verbose parsed url   host: null,
19 verbose parsed url   port: null,
19 verbose parsed url   hostname: null,
19 verbose parsed url   hash: null,
19 verbose parsed url   search: null,
19 verbose parsed url   query: null,
19 verbose parsed url   pathname: '^1.3.1',
19 verbose parsed url   path: '^1.3.1',
19 verbose parsed url   href: '^1.3.1' }
20 verbose addNamed [ 'bower', '^1.3.1' ]
21 verbose addNamed [ null, '>=1.3.1-0 <2.0.0-0' ]
22 silly lockFile e7eeaefd-http-server-0-6-1 http-server@^0.6.1
23 verbose lock http-server@^0.6.1 /Users/anwesha/.npm/e7eeaefd-http-server-0-6-1.lock
24 silly lockFile 7c83895e-bower-1-3-1 bower@^1.3.1
25 verbose lock bower@^1.3.1 /Users/anwesha/.npm/7c83895e-bower-1-3-1.lock
26 silly addNameRange { name: 'http-server',
26 silly addNameRange   range: '>=0.6.1-0 <0.7.0-0',
26 silly addNameRange   hasData: false }
27 silly addNameRange { name: 'bower', range: '>=1.3.1-0 <2.0.0-0', hasData: false }
28 verbose request where is /http-server
29 verbose request registry http://ynpm-registry.corp.yahoo.com:4080/
30 verbose request id 5b5d90002e05815b
31 verbose url raw /http-server
32 verbose url resolving [ 'http://ynpm-registry.corp.yahoo.com:4080/', './http-server' ]
33 verbose url resolved http://ynpm-registry.corp.yahoo.com:4080/http-server
34 verbose request where is http://ynpm-registry.corp.yahoo.com:4080/http-server
35 info trying registry request attempt 1 at 17:42:47
36 http GET http://ynpm-registry.corp.yahoo.com:4080/http-server
37 verbose request where is /bower
38 verbose request registry http://ynpm-registry.corp.yahoo.com:4080/
39 verbose url raw /bower
40 verbose url resolving [ 'http://ynpm-registry.corp.yahoo.com:4080/', './bower' ]
41 verbose url resolved http://ynpm-registry.corp.yahoo.com:4080/bower
42 verbose request where is http://ynpm-registry.corp.yahoo.com:4080/bower
43 info trying registry request attempt 1 at 17:42:47
44 verbose etag "55263a08-33c77"
45 http GET http://ynpm-registry.corp.yahoo.com:4080/bower
46 http 404 http://ynpm-registry.corp.yahoo.com:4080/http-server
47 verbose headers { 'x-frame-options': 'SAMEORIGIN',
47 verbose headers   'x-content-type-options': 'nosniff',
47 verbose headers   'x-xss-protection': '1; mode=block',
47 verbose headers   date: 'Sat, 11 Apr 2015 00:42:47 GMT',
47 verbose headers   'windjammer-hostname': 'pprd1-node8-lh11.manhattan.corp.gq1.yahoo.com',
47 verbose headers   'windjammer-internal': 'no',
47 verbose headers   'windjammer-external': 'no',
47 verbose headers   'content-type': 'text/plain',
47 verbose headers   server: 'ATS',
47 verbose headers   'set-cookie': [ 'B=80ttn75aigrg7&b=3&s=86; expires=Sat, 11-Apr-2017 00:42:47 GMT; path=/; domain=.yahoo.com' ],
47 verbose headers   age: '0',
47 verbose headers   'transfer-encoding': 'chunked',
47 verbose headers   connection: 'keep-alive' }
48 silly registry.get cb [ 404,
48 silly registry.get   { 'x-frame-options': 'SAMEORIGIN',
48 silly registry.get     'x-content-type-options': 'nosniff',
48 silly registry.get     'x-xss-protection': '1; mode=block',
48 silly registry.get     date: 'Sat, 11 Apr 2015 00:42:47 GMT',
48 silly registry.get     'windjammer-hostname': 'pprd1-node8-lh11.manhattan.corp.gq1.yahoo.com',
48 silly registry.get     'windjammer-internal': 'no',
48 silly registry.get     'windjammer-external': 'no',
48 silly registry.get     'content-type': 'text/plain',
48 silly registry.get     server: 'ATS',
48 silly registry.get     'set-cookie': [ 'B=80ttn75aigrg7&b=3&s=86; expires=Sat, 11-Apr-2017 00:42:47 GMT; path=/; domain=.yahoo.com' ],
48 silly registry.get     age: '0',
48 silly registry.get     'transfer-encoding': 'chunked',
48 silly registry.get     connection: 'keep-alive' } ]
49 silly lockFile e7eeaefd-http-server-0-6-1 http-server@^0.6.1
50 silly lockFile e7eeaefd-http-server-0-6-1 http-server@^0.6.1
51 http 304 http://ynpm-registry.corp.yahoo.com:4080/bower
52 silly registry.get cb [ 304,
52 silly registry.get   { 'x-frame-options': 'SAMEORIGIN',
52 silly registry.get     'x-content-type-options': 'nosniff',
52 silly registry.get     'x-xss-protection': '1; mode=block',
52 silly registry.get     date: 'Sat, 11 Apr 2015 00:42:47 GMT',
52 silly registry.get     'windjammer-hostname': 'pprd1-node8-lh11.manhattan.corp.gq1.yahoo.com',
52 silly registry.get     'windjammer-internal': 'no',
52 silly registry.get     'windjammer-external': 'yes',
52 silly registry.get     'cache-control': 'no-cache',
52 silly registry.get     server: 'ATS',
52 silly registry.get     'last-modified': 'Thu, 09 Apr 2015 08:36:24 GMT',
52 silly registry.get     etag: '"55263a08-33c77"',
52 silly registry.get     expires: 'Thu, 09 Apr 2015 08:51:24 GMT',
52 silly registry.get     'set-cookie': [ 'B=bttkimlaigrg7&b=3&s=a5; expires=Sat, 11-Apr-2017 00:42:47 GMT; path=/; domain=.yahoo.com' ],
52 silly registry.get     age: '0',
52 silly registry.get     connection: 'keep-alive' } ]
53 verbose etag http://ynpm-registry.corp.yahoo.com:4080/bower from cache
54 silly addNameRange number 2 { name: 'bower', range: '>=1.3.1-0 <2.0.0-0', hasData: true }
55 silly addNameRange versions [ 'bower',
55 silly addNameRange   [ '0.1.0',
55 silly addNameRange     '0.1.2',
55 silly addNameRange     '0.1.3',
55 silly addNameRange     '0.2.0',
55 silly addNameRange     '0.3.0',
55 silly addNameRange     '0.3.1',
55 silly addNameRange     '0.3.2',
55 silly addNameRange     '0.4.0',
55 silly addNameRange     '0.5.0',
55 silly addNameRange     '0.5.1',
55 silly addNameRange     '0.6.0',
55 silly addNameRange     '0.6.1',
55 silly addNameRange     '0.6.2',
55 silly addNameRange     '0.6.3',
55 silly addNameRange     '0.6.4',
55 silly addNameRange     '0.6.5',
55 silly addNameRange     '0.6.6',
55 silly addNameRange     '0.6.7',
55 silly addNameRange     '0.6.8',
55 silly addNameRange     '0.7.0',
55 silly addNameRange     '0.7.1',
55 silly addNameRange     '0.8.0',
55 silly addNameRange     '0.8.1',
55 silly addNameRange     '0.8.2',
55 silly addNameRange     '0.8.3',
55 silly addNameRange     '0.8.4',
55 silly addNameRange     '0.8.5',
55 silly addNameRange     '0.8.6',
55 silly addNameRange     '0.9.0',
55 silly addNameRange     '0.9.1',
55 silly addNameRange     '0.9.2',
55 silly addNameRange     '0.10.0',
55 silly addNameRange     '1.0.0',
55 silly addNameRange     '1.0.1',
55 silly addNameRange     '1.0.2',
55 silly addNameRange     '1.0.3',
55 silly addNameRange     '1.1.0',
55 silly addNameRange     '1.1.1',
55 silly addNameRange     '1.1.2',
55 silly addNameRange     '1.2.0',
55 silly addNameRange     '1.2.1',
55 silly addNameRange     '1.2.2',
55 silly addNameRange     '1.2.3',
55 silly addNameRange     '1.2.4',
55 silly addNameRange     '1.2.5',
55 silly addNameRange     '1.2.6',
55 silly addNameRange     '1.2.7',
55 silly addNameRange     '1.2.8',
55 silly addNameRange     '1.3.0',
55 silly addNameRange     '1.3.1',
55 silly addNameRange     '1.3.2',
55 silly addNameRange     '1.3.3',
55 silly addNameRange     '1.3.4',
55 silly addNameRange     '1.3.5',
55 silly addNameRange     '1.3.6',
55 silly addNameRange     '1.3.7',
55 silly addNameRange     '1.3.8',
55 silly addNameRange     '1.3.9',
55 silly addNameRange     '1.3.10',
55 silly addNameRange     '1.3.11',
55 silly addNameRange     '1.3.12',
55 silly addNameRange     '1.4.0',
55 silly addNameRange     '1.4.1' ] ]
56 verbose addNamed [ 'bower', '1.4.1' ]
57 verbose addNamed [ '1.4.1', '1.4.1' ]
58 silly lockFile 185f46c0-bower-1-4-1 bower@1.4.1
59 verbose lock bower@1.4.1 /Users/anwesha/.npm/185f46c0-bower-1-4-1.lock
60 silly lockFile 185f46c0-bower-1-4-1 bower@1.4.1
61 silly lockFile 185f46c0-bower-1-4-1 bower@1.4.1
62 silly lockFile 7c83895e-bower-1-3-1 bower@^1.3.1
63 silly lockFile 7c83895e-bower-1-3-1 bower@^1.3.1
64 error 404 404 Not Found: http-server
64 error 404
64 error 404 'http-server' is not in the npm registry.
64 error 404 You should bug the author to publish it
64 error 404 It was specified as a dependency of 'angular-website'
64 error 404
64 error 404 Note that you can also install from a
64 error 404 tarball, folder, or http url, or git url.
65 error System Darwin 14.0.0
66 error command "node" "/usr/local/bin/npm" "i"
67 error cwd /Users/anwesha/cheeki/webang
68 error node -v v0.10.32
69 error npm -v 1.4.28
70 error code E404
71 verbose exit [ 1, true ]
